[19:52:16.593][info] [#0:/home/yusqohid/.local/share/nvim/mason/packages/lua-language-server/libexec/main.lua:68]: Lua Lsp startup, root: 	/home/yusqohid/.local/share/nvim/mason/packages/lua-language-server/libexec
[19:52:16.593][info] [#0:/home/yusqohid/.local/share/nvim/mason/packages/lua-language-server/libexec/main.lua:69]: ROOT:	/home/yusqohid/.local/share/nvim/mason/packages/lua-language-server/libexec
[19:52:16.593][info] [#0:/home/yusqohid/.local/share/nvim/mason/packages/lua-language-server/libexec/main.lua:70]: LOGPATH:	/home/yusqohid/.local/share/nvim/mason/packages/lua-language-server/libexec/log
[19:52:16.593][info] [#0:/home/yusqohid/.local/share/nvim/mason/packages/lua-language-server/libexec/main.lua:71]: METAPATH:	/home/yusqohid/.local/share/nvim/mason/packages/lua-language-server/libexec/meta
[19:52:16.594][info] [#0:/home/yusqohid/.local/share/nvim/mason/packages/lua-language-server/libexec/main.lua:72]: VERSION:	3.13.6
[19:52:16.637][info] [#0:script/proto/proto.lua:260]: Listen Mode: stdio
[19:52:16.637][info] [#0:script/service/service.lua:145]: 
========= Medical Examination Report =========
    --------------- Memory ---------------
        Total: 2.258 MB
        # 00 : 2.258 MB
        # 01 : 0.000 MB
        # 02 : 0.000 MB
        # 03 : 0.000 MB
        # 04 : 0.000 MB
    --------------- Coroutine ---------------
        Total:     0
        Running:   0
        Suspended: 0
        Normal:    0
        Dead:      0
    --------------- Cache ---------------
        Total: 1
        Dead:  0
    ---------------  RPC  ---------------
        Holdon:   0
        Waiting:  0
==============================================
[19:52:16.746][info] [#0:script/client.lua:657]: Client init	{
  capabilities = {
    general = {
      positionEncodings = { "utf-16" }
    },
    textDocument = {
      callHierarchy = {
        dynamicRegistration = false
      },
      codeAction = {
        codeActionLiteralSupport = {
          codeActionKind = {
            valueSet = { "", "quickfix", "refactor", "refactor.extract", "refactor.inline", "refactor.rewrite", "source", "source.organizeImports" }
          }
        },
        dataSupport = true,
        dynamicRegistration = true,
        isPreferredSupport = true,
        resolveSupport = {
          properties = { "edit" }
        }
      },
      completion = {
        completionItem = {
          commitCharactersSupport = false,
          deprecatedSupport = true,
          documentationFormat = { "markdown", "plaintext" },
          insertReplaceSupport = true,
          insertTextModeSupport = {
            valueSet = { 1 }
          },
          labelDetailsSupport = true,
          preselectSupport = false,
          resolveSupport = {
            properties = { "documentation", "detail", "additionalTextEdits", "command", "data" }
          },
          snippetSupport = true,
          tagSupport = {
            valueSet = { 1 }
          }
        },
        completionItemKind = {
          valueSet = { 1, 2, 3, 4, 5, 6, 7, 8, 9, 10, 11, 12, 13, 14, 15, 16, 17, 18, 19, 20, 21, 22, 23, 24, 25 }
        },
        completionList = {
          itemDefaults = { "commitCharacters", "editRange", "insertTextFormat", "insertTextMode", "data" }
        },
        contextSupport = true,
        dynamicRegistration = false,
        insertTextMode = 1
      },
      declaration = {
        linkSupport = true
      },
      definition = {
        dynamicRegistration = true,
        linkSupport = true
      },
      diagnostic = {
        dynamicRegistration = false
      },
      documentHighlight = {
        dynamicRegistration = false
      },
      documentSymbol = {
        dynamicRegistration = false,
        hierarchicalDocumentSymbolSupport = true,
        symbolKind = {
          valueSet = { 1, 2, 3, 4, 5, 6, 7, 8, 9, 10, 11, 12, 13, 14, 15, 16, 17, 18, 19, 20, 21, 22, 23, 24, 25, 26 }
        }
      },
      formatting = {
        dynamicRegistration = true
      },
      hover = {
        contentFormat = { "markdown", "plaintext" },
        dynamicRegistration = true
      },
      implementation = {
        linkSupport = true
      },
      inlayHint = {
        dynamicRegistration = true,
        resolveSupport = {
          properties = { "textEdits", "tooltip", "location", "command" }
        }
      },
      publishDiagnostics = {
        dataSupport = true,
        relatedInformation = true,
        tagSupport = {
          valueSet = { 1, 2 }
        }
      },
      rangeFormatting = {
        dynamicRegistration = true
      },
      references = {
        dynamicRegistration = false
      },
      rename = {
        dynamicRegistration = true,
        prepareSupport = true
      },
      semanticTokens = {
        augmentsSyntaxTokens = true,
        dynamicRegistration = false,
        formats = { "relative" },
        multilineTokenSupport = false,
        overlappingTokenSupport = true,
        requests = {
          full = {
            delta = true
          },
          range = false
        },
        serverCancelSupport = false,
        tokenModifiers = { "declaration", "definition", "readonly", "static", "deprecated", "abstract", "async", "modification", "documentation", "defaultLibrary" },
        tokenTypes = { "namespace", "type", "class", "enum", "interface", "struct", "typeParameter", "parameter", "variable", "property", "enumMember", "event", "function", "method", "macro", "keyword", "modifier", "comment", "string", "number", "regexp", "operator", "decorator" }
      },
      signatureHelp = {
        dynamicRegistration = false,
        signatureInformation = {
          activeParameterSupport = true,
          documentationFormat = { "markdown", "plaintext" },
          parameterInformation = {
            labelOffsetSupport = true
          }
        }
      },
      synchronization = {
        didSave = true,
        dynamicRegistration = false,
        willSave = true,
        willSaveWaitUntil = true
      },
      typeDefinition = {
        linkSupport = true
      }
    },
    window = {
      showDocument = {
        support = true
      },
      showMessage = {
        messageActionItem = {
          additionalPropertiesSupport = false
        }
      },
      workDoneProgress = true
    },
    workspace = {
      applyEdit = true,
      configuration = true,
      didChangeConfiguration = {
        dynamicRegistration = false
      },
      didChangeWatchedFiles = {
        dynamicRegistration = false,
        relativePatternSupport = true
      },
      fileOperations = {
        didRename = true,
        willRename = true
      },
      inlayHint = {
        refreshSupport = true
      },
      semanticTokens = {
        refreshSupport = true
      },
      symbol = {
        dynamicRegistration = false,
        symbolKind = {
          valueSet = { 1, 2, 3, 4, 5, 6, 7, 8, 9, 10, 11, 12, 13, 14, 15, 16, 17, 18, 19, 20, 21, 22, 23, 24, 25, 26 }
        }
      },
      workspaceEdit = {
        resourceOperations = { "rename", "create", "delete" }
      },
      workspaceFolders = true
    }
  },
  clientInfo = {
    name = "Neovim",
    version = "0.10.4+v0.10.4"
  },
  initializationOptions = {},
  processId = 1023442,
  trace = "off",
  workDoneToken = "1"
}
[19:52:16.746][info] [#0:script/language.lua:137]: VSC language: nil
[19:52:16.746][info] [#0:script/language.lua:138]: LS  language: en-us
[19:52:16.950][info] [#0:script/workspace/workspace.lua:48]: Workspace create: 	file:///home/yusqohid/dotfiles/.config/nvim
[19:52:17.051][warn] [#0:script/config/loader.lua:116]: No config?	{}
[19:52:17.051][info] [#0:script/provider/provider.lua:65]: Load config from client	fallback
[19:52:17.051][info] [#0:script/provider/provider.lua:66]: nil
[19:52:17.051][warn] [#0:script/config/loader.lua:116]: No config?	{}
[19:52:17.051][info] [#0:script/provider/provider.lua:65]: Load config from client	fallback
[19:52:17.051][info] [#0:script/provider/provider.lua:66]: nil
[19:52:17.051][info] [#0:script/provider/provider.lua:49]: Load config from client	file:///home/yusqohid/dotfiles/.config/nvim
[19:52:17.051][info] [#0:script/provider/provider.lua:50]: {
  Lua = {
    codeLens = {
      enable = true
    },
    completion = {
      callSnippet = "Replace"
    },
    doc = {
      privateName = { "^_" }
    },
    hint = {
      arrayIndex = "Disable",
      enable = true,
      paramName = "Disable",
      paramType = true,
      semicolon = "Disable",
      setType = false
    },
    runtime = {
      path = { "?.lua", "?/init.lua" },
      pathStrict = true,
      version = "LuaJIT"
    },
    workspace = {
      checkThirdParty = false,
      ignoreDir = { "/lua" },
      library = { "/usr/share/nvim/runtime/lua", "/home/yusqohid/dotfiles/.config/nvim/lua", "/home/yusqohid/.local/share/nvim/lazy/lazy.nvim/lua" }
    }
  }
}
[19:52:17.052][info] [#0:script/provider/provider.lua:49]: Load config from client	file:///home/yusqohid/dotfiles/.config/nvim
[19:52:17.052][info] [#0:script/provider/provider.lua:50]: {
  Lua = {
    codeLens = {
      enable = true
    },
    completion = {
      callSnippet = "Replace"
    },
    doc = {
      privateName = { "^_" }
    },
    hint = {
      arrayIndex = "Disable",
      enable = true,
      paramName = "Disable",
      paramType = true,
      semicolon = "Disable",
      setType = false
    },
    runtime = {
      path = { "?.lua", "?/init.lua" },
      pathStrict = true,
      version = "LuaJIT"
    },
    workspace = {
      checkThirdParty = false,
      ignoreDir = { "/lua" },
      library = { "/usr/share/nvim/runtime/lua", "/home/yusqohid/dotfiles/.config/nvim/lua", "/home/yusqohid/.local/share/nvim/lazy/lazy.nvim/lua" }
    }
  }
}
[19:52:17.168][info] [#0:script/library.lua:212]: Init builtin library at:	nil
[19:52:17.184][warn] [#0:script/config/loader.lua:116]: No config?	{}
[19:52:17.184][info] [#0:script/provider/provider.lua:65]: Load config from client	fallback
[19:52:17.184][info] [#0:script/provider/provider.lua:66]: nil
[19:52:17.184][warn] [#0:script/config/loader.lua:116]: No config?	{}
[19:52:17.184][info] [#0:script/provider/provider.lua:65]: Load config from client	fallback
[19:52:17.184][info] [#0:script/provider/provider.lua:66]: nil
[19:52:17.285][info] [#0:script/workspace/workspace.lua:324]: Preload start:	<fallback>
[19:52:17.287][info] [#0:script/workspace/workspace.lua:353]: Scan library at:	file:///home/yusqohid/.local/share/nvim/mason/packages/lua-language-server/libexec/meta/Lua%205.4%20en-us%20utf8/io.lua
[19:52:17.288][info] [#0:script/library.lua:212]: Init builtin library at:	file:///home/yusqohid/dotfiles/.config/nvim
[19:52:17.305][info] [#0:script/workspace/workspace.lua:353]: Scan library at:	file:///home/yusqohid/.local/share/nvim/mason/packages/lua-language-server/libexec/meta/Lua%205.4%20en-us%20utf8/debug.lua
[19:52:17.305][info] [#0:script/workspace/workspace.lua:353]: Scan library at:	file:///home/yusqohid/.local/share/nvim/mason/packages/lua-language-server/libexec/meta/Lua%205.4%20en-us%20utf8/builtin.lua
[19:52:17.305][info] [#0:script/workspace/workspace.lua:353]: Scan library at:	file:///home/yusqohid/.local/share/nvim/mason/packages/lua-language-server/libexec/meta/Lua%205.4%20en-us%20utf8/utf8.lua
[19:52:17.305][info] [#0:script/workspace/workspace.lua:353]: Scan library at:	file:///home/yusqohid/.local/share/nvim/mason/packages/lua-language-server/libexec/meta/Lua%205.4%20en-us%20utf8/coroutine.lua
[19:52:17.308][info] [#0:script/workspace/workspace.lua:353]: Scan library at:	file:///home/yusqohid/.local/share/nvim/mason/packages/lua-language-server/libexec/meta/Lua%205.4%20en-us%20utf8/package.lua
[19:52:17.309][info] [#0:script/workspace/workspace.lua:353]: Scan library at:	file:///home/yusqohid/.local/share/nvim/mason/packages/lua-language-server/libexec/meta/Lua%205.4%20en-us%20utf8/table.lua
[19:52:17.309][info] [#0:script/workspace/workspace.lua:353]: Scan library at:	file:///home/yusqohid/.local/share/nvim/mason/packages/lua-language-server/libexec/meta/Lua%205.4%20en-us%20utf8/math.lua
[19:52:17.309][info] [#0:script/workspace/workspace.lua:353]: Scan library at:	file:///home/yusqohid/.local/share/nvim/mason/packages/lua-language-server/libexec/meta/Lua%205.4%20en-us%20utf8/string.lua
[19:52:17.309][info] [#0:script/workspace/workspace.lua:353]: Scan library at:	file:///home/yusqohid/.local/share/nvim/mason/packages/lua-language-server/libexec/meta/Lua%205.4%20en-us%20utf8/basic.lua
[19:52:17.309][info] [#0:script/workspace/workspace.lua:353]: Scan library at:	file:///home/yusqohid/.local/share/nvim/mason/packages/lua-language-server/libexec/meta/Lua%205.4%20en-us%20utf8/os.lua
[19:52:17.410][info] [#0:script/workspace/workspace.lua:324]: Preload start:	file:///home/yusqohid/dotfiles/.config/nvim
[19:52:17.414][info] [#0:script/workspace/workspace.lua:330]: Scan files at:	file:///home/yusqohid/dotfiles/.config/nvim
[19:52:17.415][info] [#0:script/workspace/workspace.lua:379]: Found 11 files at:	<fallback>
[19:52:17.415][info] [#0:script/workspace/loading.lua:160]: Load files from disk:	<fallback>
[19:52:17.416][info] [#0:script/workspace/workspace.lua:353]: Scan library at:	file:///home/yusqohid/.local/share/nvim/mason/packages/lua-language-server/libexec/meta/LuaJIT%20en-us%20utf8/jit/profile.lua
[19:52:17.416][info] [#0:script/workspace/loading.lua:100]: Preload file at: file:///home/yusqohid/.local/share/nvim/mason/packages/lua-language-server/libexec/meta/Lua%205.4%20en-us%20utf8/os.lua , size = 5.600 KB
[19:52:17.420][info] [#0:script/workspace/loading.lua:112]: ++++As library of:	file:///home/yusqohid/.local/share/nvim/mason/packages/lua-language-server/libexec/meta/Lua%205.4%20en-us%20utf8/os.lua
[19:52:17.420][info] [#0:script/workspace/loading.lua:100]: Preload file at: file:///home/yusqohid/.local/share/nvim/mason/packages/lua-language-server/libexec/meta/Lua%205.4%20en-us%20utf8/string.lua , size = 6.327 KB
[19:52:17.425][info] [#0:script/workspace/loading.lua:112]: ++++As library of:	file:///home/yusqohid/.local/share/nvim/mason/packages/lua-language-server/libexec/meta/Lua%205.4%20en-us%20utf8/string.lua
[19:52:17.425][info] [#0:script/workspace/loading.lua:100]: Preload file at: file:///home/yusqohid/.local/share/nvim/mason/packages/lua-language-server/libexec/meta/Lua%205.4%20en-us%20utf8/basic.lua , size = 15.841 KB
[19:52:17.436][info] [#0:script/workspace/loading.lua:112]: ++++As library of:	file:///home/yusqohid/.local/share/nvim/mason/packages/lua-language-server/libexec/meta/Lua%205.4%20en-us%20utf8/basic.lua
[19:52:17.436][info] [#0:script/workspace/workspace.lua:353]: Scan library at:	file:///home/yusqohid/.local/share/nvim/mason/packages/lua-language-server/libexec/meta/LuaJIT%20en-us%20utf8/os.lua
[19:52:17.436][info] [#0:script/workspace/loading.lua:100]: Preload file at: file:///home/yusqohid/.local/share/nvim/mason/packages/lua-language-server/libexec/meta/Lua%205.4%20en-us%20utf8/math.lua , size = 8.509 KB
[19:52:17.441][info] [#0:script/workspace/loading.lua:112]: ++++As library of:	file:///home/yusqohid/.local/share/nvim/mason/packages/lua-language-server/libexec/meta/Lua%205.4%20en-us%20utf8/math.lua
[19:52:17.441][info] [#0:script/workspace/workspace.lua:353]: Scan library at:	file:///home/yusqohid/dotfiles/.config/nvim/lua
[19:52:17.441][info] [#0:script/workspace/loading.lua:100]: Preload file at: file:///home/yusqohid/.local/share/nvim/mason/packages/lua-language-server/libexec/meta/Lua%205.4%20en-us%20utf8/table.lua , size = 4.445 KB
[19:52:17.444][info] [#0:script/workspace/loading.lua:112]: ++++As library of:	file:///home/yusqohid/.local/share/nvim/mason/packages/lua-language-server/libexec/meta/Lua%205.4%20en-us%20utf8/table.lua
[19:52:17.444][info] [#0:script/workspace/loading.lua:100]: Preload file at: file:///home/yusqohid/.local/share/nvim/mason/packages/lua-language-server/libexec/meta/Lua%205.4%20en-us%20utf8/package.lua , size = 2.944 KB
[19:52:17.445][info] [#0:script/workspace/loading.lua:112]: ++++As library of:	file:///home/yusqohid/.local/share/nvim/mason/packages/lua-language-server/libexec/meta/Lua%205.4%20en-us%20utf8/package.lua
[19:52:17.446][info] [#0:script/workspace/workspace.lua:353]: Scan library at:	file:///home/yusqohid/.local/share/nvim/mason/packages/lua-language-server/libexec/meta/LuaJIT%20en-us%20utf8/ffi.lua
[19:52:17.446][info] [#0:script/workspace/loading.lua:100]: Preload file at: file:///home/yusqohid/.local/share/nvim/mason/packages/lua-language-server/libexec/meta/Lua%205.4%20en-us%20utf8/coroutine.lua , size = 2.590 KB
[19:52:17.447][info] [#0:script/workspace/loading.lua:112]: ++++As library of:	file:///home/yusqohid/.local/share/nvim/mason/packages/lua-language-server/libexec/meta/Lua%205.4%20en-us%20utf8/coroutine.lua
[19:52:17.448][info] [#0:script/workspace/workspace.lua:353]: Scan library at:	file:///home/yusqohid/.local/share/nvim/mason/packages/lua-language-server/libexec/meta/LuaJIT%20en-us%20utf8/bit.lua
[19:52:17.448][info] [#0:script/workspace/loading.lua:100]: Preload file at: file:///home/yusqohid/.local/share/nvim/mason/packages/lua-language-server/libexec/meta/Lua%205.4%20en-us%20utf8/utf8.lua , size = 2.386 KB
[19:52:17.449][info] [#0:script/workspace/loading.lua:112]: ++++As library of:	file:///home/yusqohid/.local/share/nvim/mason/packages/lua-language-server/libexec/meta/Lua%205.4%20en-us%20utf8/utf8.lua
[19:52:17.449][info] [#0:script/workspace/workspace.lua:353]: Scan library at:	file:///home/yusqohid/.local/share/nvim/mason/packages/lua-language-server/libexec/meta/LuaJIT%20en-us%20utf8/math.lua
[19:52:17.449][info] [#0:script/workspace/loading.lua:100]: Preload file at: file:///home/yusqohid/.local/share/nvim/mason/packages/lua-language-server/libexec/meta/Lua%205.4%20en-us%20utf8/builtin.lua , size = 0.302 KB
[19:52:17.450][info] [#0:script/workspace/loading.lua:112]: ++++As library of:	file:///home/yusqohid/.local/share/nvim/mason/packages/lua-language-server/libexec/meta/Lua%205.4%20en-us%20utf8/builtin.lua
[19:52:17.450][info] [#0:script/workspace/workspace.lua:353]: Scan library at:	file:///home/yusqohid/.local/share/nvim/mason/packages/lua-language-server/libexec/meta/LuaJIT%20en-us%20utf8/string.lua
[19:52:17.450][info] [#0:script/workspace/loading.lua:100]: Preload file at: file:///home/yusqohid/.local/share/nvim/mason/packages/lua-language-server/libexec/meta/Lua%205.4%20en-us%20utf8/debug.lua , size = 7.637 KB
[19:52:17.461][info] [#0:script/workspace/loading.lua:112]: ++++As library of:	file:///home/yusqohid/.local/share/nvim/mason/packages/lua-language-server/libexec/meta/Lua%205.4%20en-us%20utf8/debug.lua
[19:52:17.461][info] [#0:script/workspace/workspace.lua:353]: Scan library at:	file:///home/yusqohid/.local/share/nvim/mason/packages/lua-language-server/libexec/meta/LuaJIT%20en-us%20utf8/coroutine.lua
[19:52:17.461][info] [#0:script/workspace/loading.lua:100]: Preload file at: file:///home/yusqohid/.local/share/nvim/mason/packages/lua-language-server/libexec/meta/Lua%205.4%20en-us%20utf8/io.lua , size = 6.364 KB
[19:52:17.465][info] [#0:script/workspace/loading.lua:112]: ++++As library of:	file:///home/yusqohid/.local/share/nvim/mason/packages/lua-language-server/libexec/meta/Lua%205.4%20en-us%20utf8/io.lua
[19:52:17.465][info] [#0:script/workspace/loading.lua:172]: Loaded files takes [0.050] sec: <fallback>
[19:52:17.465][info] [#0:script/workspace/loading.lua:181]: Compile files takes [0.000] sec: <fallback>
[19:52:17.465][info] [#0:script/workspace/loading.lua:182]: Loaded finish:	<fallback>
[19:52:17.465][info] [#0:script/workspace/workspace.lua:381]: Preload finish at:	<fallback>
[19:52:17.466][info] [#0:script/workspace/workspace.lua:353]: Scan library at:	file:///home/yusqohid/.local/share/nvim/mason/packages/lua-language-server/libexec/meta/LuaJIT%20en-us%20utf8/jit.lua
[19:52:17.466][info] [#0:script/workspace/workspace.lua:353]: Scan library at:	file:///home/yusqohid/.local/share/nvim/mason/packages/lua-language-server/libexec/meta/LuaJIT%20en-us%20utf8/table/new.lua
[19:52:17.467][info] [#0:script/workspace/workspace.lua:353]: Scan library at:	file:///home/yusqohid/.local/share/nvim/mason/packages/lua-language-server/libexec/meta/LuaJIT%20en-us%20utf8/debug.lua
[19:52:17.467][info] [#0:script/workspace/workspace.lua:353]: Scan library at:	file:///home/yusqohid/.local/share/nvim/mason/packages/lua-language-server/libexec/meta/LuaJIT%20en-us%20utf8/string/buffer.lua
[19:52:17.467][info] [#0:script/workspace/workspace.lua:353]: Scan library at:	file:///home/yusqohid/.local/share/nvim/mason/packages/lua-language-server/libexec/meta/LuaJIT%20en-us%20utf8/table.lua
[19:52:17.467][info] [#0:script/workspace/workspace.lua:353]: Scan library at:	file:///usr/share/nvim/runtime/lua
[19:52:17.480][info] [#0:script/workspace/workspace.lua:353]: Scan library at:	file:///home/yusqohid/.local/share/nvim/mason/packages/lua-language-server/libexec/meta/LuaJIT%20en-us%20utf8/package.lua
[19:52:17.480][info] [#0:script/workspace/workspace.lua:353]: Scan library at:	file:///home/yusqohid/.local/share/nvim/mason/packages/lua-language-server/libexec/meta/LuaJIT%20en-us%20utf8/io.lua
[19:52:17.480][info] [#0:script/workspace/workspace.lua:353]: Scan library at:	file:///home/yusqohid/.local/share/nvim/mason/packages/lua-language-server/libexec/meta/LuaJIT%20en-us%20utf8/jit/util.lua
[19:52:17.480][info] [#0:script/workspace/workspace.lua:353]: Scan library at:	file:///home/yusqohid/.local/share/nvim/mason/packages/lua-language-server/libexec/meta/LuaJIT%20en-us%20utf8/builtin.lua
[19:52:17.480][info] [#0:script/workspace/workspace.lua:353]: Scan library at:	file:///home/yusqohid/.local/share/nvim/mason/packages/lua-language-server/libexec/meta/LuaJIT%20en-us%20utf8/basic.lua
[19:52:17.480][info] [#0:script/workspace/workspace.lua:353]: Scan library at:	file:///home/yusqohid/.local/share/nvim/lazy/lazy.nvim/lua
[19:52:17.486][info] [#0:script/workspace/workspace.lua:353]: Scan library at:	file:///home/yusqohid/.local/share/nvim/mason/packages/lua-language-server/libexec/meta/LuaJIT%20en-us%20utf8/table/clear.lua
[19:52:17.587][info] [#0:script/workspace/workspace.lua:379]: Found 175 files at:	file:///home/yusqohid/dotfiles/.config/nvim
[19:52:17.587][info] [#0:script/workspace/loading.lua:160]: Load files from disk:	file:///home/yusqohid/dotfiles/.config/nvim
[19:52:17.587][info] [#0:script/workspace/loading.lua:100]: Preload file at: file:///home/yusqohid/.local/share/nvim/mason/packages/lua-language-server/libexec/meta/LuaJIT%20en-us%20utf8/table/clear.lua , size = 0.797 KB
[19:52:17.589][info] [#0:script/workspace/loading.lua:112]: ++++As library of:	file:///home/yusqohid/.local/share/nvim/mason/packages/lua-language-server/libexec/meta/LuaJIT%20en-us%20utf8/table/clear.lua
[19:52:17.589][info] [#0:script/workspace/loading.lua:100]: Preload file at: file:///home/yusqohid/.local/share/nvim/lazy/lazy.nvim/lua/lazy/health.lua , size = 5.792 KB
[19:52:17.593][info] [#0:script/workspace/loading.lua:112]: ++++As library of:	file:///home/yusqohid/.local/share/nvim/lazy/lazy.nvim/lua
[19:52:17.593][info] [#0:script/workspace/loading.lua:100]: Preload file at: file:///home/yusqohid/.local/share/nvim/lazy/lazy.nvim/lua/lazy/stats.lua , size = 2.153 KB
[19:52:17.595][info] [#0:script/workspace/loading.lua:112]: ++++As library of:	file:///home/yusqohid/.local/share/nvim/lazy/lazy.nvim/lua
[19:52:17.595][info] [#0:script/workspace/loading.lua:100]: Preload file at: file:///home/yusqohid/.local/share/nvim/lazy/lazy.nvim/lua/lazy/docs.lua , size = 4.729 KB
[19:52:17.598][info] [#0:script/workspace/loading.lua:112]: ++++As library of:	file:///home/yusqohid/.local/share/nvim/lazy/lazy.nvim/lua
[19:52:17.599][info] [#0:script/workspace/loading.lua:100]: Preload file at: file:///home/yusqohid/.local/share/nvim/lazy/lazy.nvim/lua/lazy/build.lua , size = 3.018 KB
[19:52:17.601][info] [#0:script/workspace/loading.lua:112]: ++++As library of:	file:///home/yusqohid/.local/share/nvim/lazy/lazy.nvim/lua
[19:52:17.601][info] [#0:script/workspace/loading.lua:100]: Preload file at: file:///home/yusqohid/.local/share/nvim/lazy/lazy.nvim/lua/lazy/init.lua , size = 3.749 KB
[19:52:17.604][info] [#0:script/workspace/loading.lua:112]: ++++As library of:	file:///home/yusqohid/.local/share/nvim/lazy/lazy.nvim/lua
[19:52:17.604][info] [#0:script/workspace/loading.lua:100]: Preload file at: file:///home/yusqohid/.local/share/nvim/lazy/lazy.nvim/lua/lazy/state.lua , size = 0.859 KB
[19:52:17.605][info] [#0:script/workspace/loading.lua:112]: ++++As library of:	file:///home/yusqohid/.local/share/nvim/lazy/lazy.nvim/lua
[19:52:17.605][info] [#0:script/workspace/loading.lua:100]: Preload file at: file:///home/yusqohid/.local/share/nvim/lazy/lazy.nvim/lua/lazy/status.lua , size = 0.353 KB
[19:52:17.606][info] [#0:script/workspace/loading.lua:112]: ++++As library of:	file:///home/yusqohid/.local/share/nvim/lazy/lazy.nvim/lua
[19:52:17.606][info] [#0:script/workspace/loading.lua:100]: Preload file at: file:///home/yusqohid/.local/share/nvim/lazy/lazy.nvim/lua/lazy/async.lua , size = 4.302 KB
[19:52:17.617][info] [#0:script/workspace/loading.lua:112]: ++++As library of:	file:///home/yusqohid/.local/share/nvim/lazy/lazy.nvim/lua
[19:52:17.617][info] [#0:script/workspace/loading.lua:100]: Preload file at: file:///home/yusqohid/.local/share/nvim/lazy/lazy.nvim/lua/lazy/core/fragments.lua , size = 4.215 KB
[19:52:17.620][info] [#0:script/workspace/loading.lua:112]: ++++As library of:	file:///home/yusqohid/.local/share/nvim/lazy/lazy.nvim/lua
[19:52:17.620][info] [#0:script/workspace/loading.lua:100]: Preload file at: file:///home/yusqohid/.local/share/nvim/lazy/lazy.nvim/lua/lazy/core/plugin.lua , size = 12.370 KB
[19:52:17.629][info] [#0:script/workspace/loading.lua:112]: ++++As library of:	file:///home/yusqohid/.local/share/nvim/lazy/lazy.nvim/lua
[19:52:17.629][info] [#0:script/workspace/loading.lua:100]: Preload file at: file:///home/yusqohid/.local/share/nvim/lazy/lazy.nvim/lua/lazy/core/cache.lua , size = 16.584 KB
[19:52:17.639][info] [#0:script/workspace/loading.lua:112]: ++++As library of:	file:///home/yusqohid/.local/share/nvim/lazy/lazy.nvim/lua
[19:52:17.640][info] [#0:script/workspace/loading.lua:100]: Preload file at: file:///home/yusqohid/.local/share/nvim/lazy/lazy.nvim/lua/lazy/core/meta.lua , size = 9.738 KB
[19:52:17.646][info] [#0:script/workspace/loading.lua:112]: ++++As library of:	file:///home/yusqohid/.local/share/nvim/lazy/lazy.nvim/lua
[19:52:17.647][info] [#0:script/workspace/loading.lua:100]: Preload file at: file:///home/yusqohid/.local/share/nvim/lazy/lazy.nvim/lua/lazy/core/handler/keys.lua , size = 5.302 KB
[19:52:17.651][info] [#0:script/workspace/loading.lua:112]: ++++As library of:	file:///home/yusqohid/.local/share/nvim/lazy/lazy.nvim/lua
[19:52:17.651][info] [#0:script/workspace/loading.lua:100]: Preload file at: file:///home/yusqohid/.local/share/nvim/lazy/lazy.nvim/lua/lazy/core/handler/init.lua , size = 3.170 KB
[19:52:17.654][info] [#0:script/workspace/loading.lua:112]: ++++As library of:	file:///home/yusqohid/.local/share/nvim/lazy/lazy.nvim/lua
[19:52:17.654][info] [#0:script/workspace/loading.lua:100]: Preload file at: file:///home/yusqohid/.local/share/nvim/lazy/lazy.nvim/lua/lazy/core/handler/ft.lua , size = 0.442 KB
[19:52:17.665][info] [#0:script/workspace/loading.lua:112]: ++++As library of:	file:///home/yusqohid/.local/share/nvim/lazy/lazy.nvim/lua
[19:52:17.665][info] [#0:script/workspace/loading.lua:100]: Preload file at: file:///home/yusqohid/.local/share/nvim/lazy/lazy.nvim/lua/lazy/core/handler/cmd.lua , size = 1.638 KB
[19:52:17.667][info] [#0:script/workspace/loading.lua:112]: ++++As library of:	file:///home/yusqohid/.local/share/nvim/lazy/lazy.nvim/lua
[19:52:17.667][info] [#0:script/workspace/loading.lua:100]: Preload file at: file:///home/yusqohid/.local/share/nvim/lazy/lazy.nvim/lua/lazy/core/handler/event.lua , size = 4.956 KB
[19:52:17.671][info] [#0:script/workspace/loading.lua:112]: ++++As library of:	file:///home/yusqohid/.local/share/nvim/lazy/lazy.nvim/lua
[19:52:17.671][info] [#0:script/workspace/loading.lua:100]: Preload file at: file:///home/yusqohid/.local/share/nvim/lazy/lazy.nvim/lua/lazy/core/loader.lua , size = 14.966 KB
[19:52:17.680][info] [#0:script/workspace/loading.lua:112]: ++++As library of:	file:///home/yusqohid/.local/share/nvim/lazy/lazy.nvim/lua
[19:52:17.680][info] [#0:script/workspace/loading.lua:100]: Preload file at: file:///home/yusqohid/.local/share/nvim/lazy/lazy.nvim/lua/lazy/core/config.lua , size = 12.013 KB
[19:52:17.685][info] [#0:script/workspace/loading.lua:112]: ++++As library of:	file:///home/yusqohid/.local/share/nvim/lazy/lazy.nvim/lua
[19:52:17.685][info] [#0:script/workspace/loading.lua:100]: Preload file at: file:///home/yusqohid/.local/share/nvim/lazy/lazy.nvim/lua/lazy/core/util.lua , size = 12.348 KB
[19:52:17.696][info] [#0:script/workspace/loading.lua:112]: ++++As library of:	file:///home/yusqohid/.local/share/nvim/lazy/lazy.nvim/lua
[19:52:17.696][info] [#0:script/workspace/loading.lua:100]: Preload file at: file:///home/yusqohid/.local/share/nvim/lazy/lazy.nvim/lua/lazy/pkg/init.lua , size = 3.028 KB
[19:52:17.698][info] [#0:script/workspace/loading.lua:112]: ++++As library of:	file:///home/yusqohid/.local/share/nvim/lazy/lazy.nvim/lua
[19:52:17.699][info] [#0:script/workspace/loading.lua:100]: Preload file at: file:///home/yusqohid/.local/share/nvim/lazy/lazy.nvim/lua/lazy/pkg/lazy.lua , size = 0.720 KB
[19:52:17.699][info] [#0:script/workspace/loading.lua:112]: ++++As library of:	file:///home/yusqohid/.local/share/nvim/lazy/lazy.nvim/lua
[19:52:17.699][info] [#0:script/workspace/loading.lua:100]: Preload file at: file:///home/yusqohid/.local/share/nvim/lazy/lazy.nvim/lua/lazy/pkg/rockspec.lua , size = 8.005 KB
[19:52:17.704][info] [#0:script/workspace/loading.lua:112]: ++++As library of:	file:///home/yusqohid/.local/share/nvim/lazy/lazy.nvim/lua
[19:52:17.705][info] [#0:script/workspace/loading.lua:100]: Preload file at: file:///home/yusqohid/.local/share/nvim/lazy/lazy.nvim/lua/lazy/pkg/packspec.lua , size = 1.137 KB
[19:52:17.706][info] [#0:script/workspace/loading.lua:112]: ++++As library of:	file:///home/yusqohid/.local/share/nvim/lazy/lazy.nvim/lua
[19:52:17.706][info] [#0:script/workspace/loading.lua:100]: Preload file at: file:///home/yusqohid/.local/share/nvim/lazy/lazy.nvim/lua/lazy/minit.lua , size = 4.986 KB
[19:52:17.709][info] [#0:script/workspace/loading.lua:112]: ++++As library of:	file:///home/yusqohid/.local/share/nvim/lazy/lazy.nvim/lua
[19:52:17.710][info] [#0:script/workspace/loading.lua:100]: Preload file at: file:///home/yusqohid/.local/share/nvim/lazy/lazy.nvim/lua/lazy/example.lua , size = 2.644 KB
[19:52:17.711][info] [#0:script/workspace/loading.lua:112]: ++++As library of:	file:///home/yusqohid/.local/share/nvim/lazy/lazy.nvim/lua
[19:52:17.711][info] [#0:script/workspace/loading.lua:100]: Preload file at: file:///home/yusqohid/.local/share/nvim/lazy/lazy.nvim/lua/lazy/community/_generated.lua , size = 60.994 KB
[19:52:17.744][info] [#0:script/workspace/loading.lua:112]: ++++As library of:	file:///home/yusqohid/.local/share/nvim/lazy/lazy.nvim/lua
[19:52:17.744][info] [#0:script/workspace/loading.lua:100]: Preload file at: file:///home/yusqohid/.local/share/nvim/lazy/lazy.nvim/lua/lazy/community/init.lua , size = 0.511 KB
[19:52:17.745][info] [#0:script/workspace/loading.lua:112]: ++++As library of:	file:///home/yusqohid/.local/share/nvim/lazy/lazy.nvim/lua
[19:52:17.745][info] [#0:script/workspace/loading.lua:100]: Preload file at: file:///home/yusqohid/.local/share/nvim/lazy/lazy.nvim/lua/lazy/community/specs.lua , size = 0.115 KB
[19:52:17.745][info] [#0:script/workspace/loading.lua:112]: ++++As library of:	file:///home/yusqohid/.local/share/nvim/lazy/lazy.nvim/lua
[19:52:17.745][info] [#0:script/workspace/loading.lua:100]: Preload file at: file:///home/yusqohid/.local/share/nvim/lazy/lazy.nvim/lua/lazy/terminal.lua , size = 2.394 KB
[19:52:17.747][info] [#0:script/workspace/loading.lua:112]: ++++As library of:	file:///home/yusqohid/.local/share/nvim/lazy/lazy.nvim/lua
[19:52:17.747][info] [#0:script/workspace/loading.lua:100]: Preload file at: file:///home/yusqohid/.local/share/nvim/lazy/lazy.nvim/lua/lazy/help.lua , size = 2.216 KB
[19:52:17.749][info] [#0:script/workspace/loading.lua:112]: ++++As library of:	file:///home/yusqohid/.local/share/nvim/lazy/lazy.nvim/lua
[19:52:17.749][info] [#0:script/workspace/loading.lua:100]: Preload file at: file:///home/yusqohid/.local/share/nvim/lazy/lazy.nvim/lua/lazy/util.lua , size = 6.888 KB
[19:52:17.754][info] [#0:script/workspace/loading.lua:112]: ++++As library of:	file:///home/yusqohid/.local/share/nvim/lazy/lazy.nvim/lua
[19:52:17.754][info] [#0:script/workspace/loading.lua:100]: Preload file at: file:///home/yusqohid/.local/share/nvim/lazy/lazy.nvim/lua/lazy/manage/runner.lua , size = 4.847 KB
[19:52:17.758][info] [#0:script/workspace/loading.lua:112]: ++++As library of:	file:///home/yusqohid/.local/share/nvim/lazy/lazy.nvim/lua
[19:52:17.758][info] [#0:script/workspace/loading.lua:100]: Preload file at: file:///home/yusqohid/.local/share/nvim/lazy/lazy.nvim/lua/lazy/manage/process.lua , size = 5.447 KB
[19:52:17.763][info] [#0:script/workspace/loading.lua:112]: ++++As library of:	file:///home/yusqohid/.local/share/nvim/lazy/lazy.nvim/lua
[19:52:17.763][info] [#0:script/workspace/loading.lua:100]: Preload file at: file:///home/yusqohid/.local/share/nvim/lazy/lazy.nvim/lua/lazy/manage/reloader.lua , size = 2.817 KB
[19:52:17.765][info] [#0:script/workspace/loading.lua:112]: ++++As library of:	file:///home/yusqohid/.local/share/nvim/lazy/lazy.nvim/lua
[19:52:17.765][info] [#0:script/workspace/loading.lua:100]: Preload file at: file:///home/yusqohid/.local/share/nvim/lazy/lazy.nvim/lua/lazy/manage/semver.lua , size = 4.455 KB
[19:52:17.769][info] [#0:script/workspace/loading.lua:112]: ++++As library of:	file:///home/yusqohid/.local/share/nvim/lazy/lazy.nvim/lua
[19:52:17.769][info] [#0:script/workspace/loading.lua:100]: Preload file at: file:///home/yusqohid/.local/share/nvim/lazy/lazy.nvim/lua/lazy/manage/checker.lua , size = 2.479 KB
[19:52:17.771][info] [#0:script/workspace/loading.lua:112]: ++++As library of:	file:///home/yusqohid/.local/share/nvim/lazy/lazy.nvim/lua
[19:52:17.771][info] [#0:script/workspace/loading.lua:100]: Preload file at: file:///home/yusqohid/.local/share/nvim/lazy/lazy.nvim/lua/lazy/manage/init.lua , size = 5.940 KB
[19:52:17.775][info] [#0:script/workspace/loading.lua:112]: ++++As library of:	file:///home/yusqohid/.local/share/nvim/lazy/lazy.nvim/lua
[19:52:17.776][info] [#0:script/workspace/loading.lua:100]: Preload file at: file:///home/yusqohid/.local/share/nvim/lazy/lazy.nvim/lua/lazy/manage/task/plugin.lua , size = 2.765 KB
[19:52:17.778][info] [#0:script/workspace/loading.lua:112]: ++++As library of:	file:///home/yusqohid/.local/share/nvim/lazy/lazy.nvim/lua
[19:52:17.778][info] [#0:script/workspace/loading.lua:100]: Preload file at: file:///home/yusqohid/.local/share/nvim/lazy/lazy.nvim/lua/lazy/manage/task/init.lua , size = 5.805 KB
[19:52:17.784][info] [#0:script/workspace/loading.lua:112]: ++++As library of:	file:///home/yusqohid/.local/share/nvim/lazy/lazy.nvim/lua
[19:52:17.784][info] [#0:script/workspace/loading.lua:100]: Preload file at: file:///home/yusqohid/.local/share/nvim/lazy/lazy.nvim/lua/lazy/manage/task/fs.lua , size = 1.002 KB
[19:52:17.785][info] [#0:script/workspace/loading.lua:112]: ++++As library of:	file:///home/yusqohid/.local/share/nvim/lazy/lazy.nvim/lua
[19:52:17.785][info] [#0:script/workspace/loading.lua:100]: Preload file at: file:///home/yusqohid/.local/share/nvim/lazy/lazy.nvim/lua/lazy/manage/task/git.lua , size = 10.135 KB
[19:52:17.791][info] [#0:script/workspace/loading.lua:112]: ++++As library of:	file:///home/yusqohid/.local/share/nvim/lazy/lazy.nvim/lua
[19:52:17.791][info] [#0:script/workspace/loading.lua:100]: Preload file at: file:///home/yusqohid/.local/share/nvim/lazy/lazy.nvim/lua/lazy/manage/git.lua , size = 6.279 KB
[19:52:17.796][info] [#0:script/workspace/loading.lua:112]: ++++As library of:	file:///home/yusqohid/.local/share/nvim/lazy/lazy.nvim/lua
[19:52:17.796][info] [#0:script/workspace/loading.lua:100]: Preload file at: file:///home/yusqohid/.local/share/nvim/lazy/lazy.nvim/lua/lazy/manage/lock.lua , size = 1.668 KB
[19:52:17.798][info] [#0:script/workspace/loading.lua:112]: ++++As library of:	file:///home/yusqohid/.local/share/nvim/lazy/lazy.nvim/lua
[19:52:17.798][info] [#0:script/workspace/loading.lua:100]: Preload file at: file:///home/yusqohid/.local/share/nvim/lazy/lazy.nvim/lua/lazy/types.lua , size = 3.755 KB
[19:52:17.801][info] [#0:script/workspace/loading.lua:112]: ++++As library of:	file:///home/yusqohid/.local/share/nvim/lazy/lazy.nvim/lua
[19:52:17.801][info] [#0:script/workspace/loading.lua:100]: Preload file at: file:///home/yusqohid/.local/share/nvim/lazy/lazy.nvim/lua/lazy/view/commands.lua , size = 3.899 KB
[19:52:17.804][info] [#0:script/workspace/loading.lua:112]: ++++As library of:	file:///home/yusqohid/.local/share/nvim/lazy/lazy.nvim/lua
[19:52:17.805][info] [#0:script/workspace/loading.lua:100]: Preload file at: file:///home/yusqohid/.local/share/nvim/lazy/lazy.nvim/lua/lazy/view/float.lua , size = 9.536 KB
[19:52:17.813][info] [#0:script/workspace/loading.lua:112]: ++++As library of:	file:///home/yusqohid/.local/share/nvim/lazy/lazy.nvim/lua
[19:52:17.813][info] [#0:script/workspace/loading.lua:100]: Preload file at: file:///home/yusqohid/.local/share/nvim/lazy/lazy.nvim/lua/lazy/view/init.lua , size = 9.394 KB
[19:52:17.820][info] [#0:script/workspace/loading.lua:112]: ++++As library of:	file:///home/yusqohid/.local/share/nvim/lazy/lazy.nvim/lua
[19:52:17.820][info] [#0:script/workspace/loading.lua:100]: Preload file at: file:///home/yusqohid/.local/share/nvim/lazy/lazy.nvim/lua/lazy/view/text.lua , size = 3.813 KB
[19:52:17.848][info] [#0:script/workspace/loading.lua:112]: ++++As library of:	file:///home/yusqohid/.local/share/nvim/lazy/lazy.nvim/lua
[19:52:17.848][info] [#0:script/workspace/loading.lua:100]: Preload file at: file:///home/yusqohid/.local/share/nvim/lazy/lazy.nvim/lua/lazy/view/render.lua , size = 23.064 KB
[19:52:17.867][info] [#0:script/workspace/loading.lua:112]: ++++As library of:	file:///home/yusqohid/.local/share/nvim/lazy/lazy.nvim/lua
[19:52:17.867][info] [#0:script/workspace/loading.lua:100]: Preload file at: file:///home/yusqohid/.local/share/nvim/lazy/lazy.nvim/lua/lazy/view/diff.lua , size = 1.585 KB
[19:52:17.868][info] [#0:script/workspace/loading.lua:112]: ++++As library of:	file:///home/yusqohid/.local/share/nvim/lazy/lazy.nvim/lua
[19:52:17.868][info] [#0:script/workspace/loading.lua:100]: Preload file at: file:///home/yusqohid/.local/share/nvim/lazy/lazy.nvim/lua/lazy/view/sections.lua , size = 2.430 KB
[19:52:17.870][info] [#0:script/workspace/loading.lua:112]: ++++As library of:	file:///home/yusqohid/.local/share/nvim/lazy/lazy.nvim/lua
[19:52:17.870][info] [#0:script/workspace/loading.lua:100]: Preload file at: file:///home/yusqohid/.local/share/nvim/lazy/lazy.nvim/lua/lazy/view/colors.lua , size = 1.820 KB
[19:52:17.871][info] [#0:script/workspace/loading.lua:112]: ++++As library of:	file:///home/yusqohid/.local/share/nvim/lazy/lazy.nvim/lua
[19:52:17.871][info] [#0:script/workspace/loading.lua:100]: Preload file at: file:///home/yusqohid/.local/share/nvim/lazy/lazy.nvim/lua/lazy/view/config.lua , size = 3.507 KB
[19:52:17.873][info] [#0:script/workspace/loading.lua:112]: ++++As library of:	file:///home/yusqohid/.local/share/nvim/lazy/lazy.nvim/lua
[19:52:17.873][info] [#0:script/workspace/loading.lua:100]: Preload file at: file:///home/yusqohid/.local/share/nvim/mason/packages/lua-language-server/libexec/meta/LuaJIT%20en-us%20utf8/basic.lua , size = 15.443 KB
[19:52:17.880][info] [#0:script/workspace/loading.lua:112]: ++++As library of:	file:///home/yusqohid/.local/share/nvim/mason/packages/lua-language-server/libexec/meta/LuaJIT%20en-us%20utf8/basic.lua
[19:52:17.880][info] [#0:script/workspace/loading.lua:100]: Preload file at: file:///home/yusqohid/.local/share/nvim/mason/packages/lua-language-server/libexec/meta/LuaJIT%20en-us%20utf8/builtin.lua , size = 0.302 KB
[19:52:17.881][info] [#0:script/workspace/loading.lua:112]: ++++As library of:	file:///home/yusqohid/.local/share/nvim/mason/packages/lua-language-server/libexec/meta/LuaJIT%20en-us%20utf8/builtin.lua
[19:52:17.881][info] [#0:script/workspace/loading.lua:100]: Preload file at: file:///home/yusqohid/.local/share/nvim/mason/packages/lua-language-server/libexec/meta/LuaJIT%20en-us%20utf8/jit/util.lua , size = 1.984 KB
[19:52:17.883][info] [#0:script/workspace/loading.lua:112]: ++++As library of:	file:///home/yusqohid/.local/share/nvim/mason/packages/lua-language-server/libexec/meta/LuaJIT%20en-us%20utf8/jit/util.lua
[19:52:17.883][info] [#0:script/workspace/loading.lua:100]: Preload file at: file:///home/yusqohid/.local/share/nvim/mason/packages/lua-language-server/libexec/meta/LuaJIT%20en-us%20utf8/io.lua , size = 6.364 KB
[19:52:17.886][info] [#0:script/workspace/loading.lua:112]: ++++As library of:	file:///home/yusqohid/.local/share/nvim/mason/packages/lua-language-server/libexec/meta/LuaJIT%20en-us%20utf8/io.lua
[19:52:17.886][info] [#0:script/workspace/loading.lua:100]: Preload file at: file:///home/yusqohid/.local/share/nvim/mason/packages/lua-language-server/libexec/meta/LuaJIT%20en-us%20utf8/package.lua , size = 2.699 KB
[19:52:17.888][info] [#0:script/workspace/loading.lua:112]: ++++As library of:	file:///home/yusqohid/.local/share/nvim/mason/packages/lua-language-server/libexec/meta/LuaJIT%20en-us%20utf8/package.lua
[19:52:17.888][info] [#0:script/workspace/loading.lua:100]: Preload file at: file:///usr/share/nvim/runtime/lua/_vim9script.lua , size = 15.418 KB
[19:52:17.897][info] [#0:script/workspace/loading.lua:112]: ++++As library of:	file:///usr/share/nvim/runtime/lua
[19:52:17.897][info] [#0:script/workspace/loading.lua:100]: Preload file at: file:///usr/share/nvim/runtime/lua/man.lua , size = 23.687 KB
[19:52:17.910][info] [#0:script/workspace/loading.lua:112]: ++++As library of:	file:///usr/share/nvim/runtime/lua
[19:52:17.910][info] [#0:script/workspace/loading.lua:100]: Preload file at: file:///usr/share/nvim/runtime/lua/vim/lsp/health.lua , size = 5.398 KB
[19:52:17.914][info] [#0:script/workspace/loading.lua:112]: ++++As library of:	file:///usr/share/nvim/runtime/lua
[19:52:17.914][info] [#0:script/workspace/loading.lua:100]: Preload file at: file:///usr/share/nvim/runtime/lua/nvim/health.lua , size = 12.509 KB
[19:52:17.920][info] [#0:script/workspace/loading.lua:112]: ++++As library of:	file:///usr/share/nvim/runtime/lua
[19:52:17.920][info] [#0:script/workspace/loading.lua:100]: Preload file at: file:///usr/share/nvim/runtime/lua/vim/lsp/_snippet_grammar.lua , size = 6.179 KB
[19:52:17.925][info] [#0:script/workspace/loading.lua:112]: ++++As library of:	file:///usr/share/nvim/runtime/lua
[19:52:17.925][info] [#0:script/workspace/loading.lua:100]: Preload file at: file:///usr/share/nvim/runtime/lua/vim/lsp/_tagfunc.lua , size = 2.787 KB
[19:52:17.927][info] [#0:script/workspace/loading.lua:112]: ++++As library of:	file:///usr/share/nvim/runtime/lua
[19:52:17.927][info] [#0:script/workspace/loading.lua:100]: Preload file at: file:///usr/share/nvim/runtime/lua/vim/lsp/_dynamic.lua , size = 2.973 KB
[19:52:17.929][info] [#0:script/workspace/loading.lua:112]: ++++As library of:	file:///usr/share/nvim/runtime/lua
[19:52:17.929][info] [#0:script/workspace/loading.lua:100]: Preload file at: file:///usr/share/nvim/runtime/lua/vim/lsp/rpc.lua , size = 25.991 KB
[19:52:17.943][info] [#0:script/workspace/loading.lua:112]: ++++As library of:	file:///usr/share/nvim/runtime/lua
[19:52:17.943][info] [#0:script/workspace/loading.lua:100]: Preload file at: file:///usr/share/nvim/runtime/lua/vim/lsp/_meta/protocol.lua , size = 175.343 KB
[19:52:18.032][info] [#0:script/workspace/loading.lua:112]: ++++As library of:	file:///usr/share/nvim/runtime/lua
[19:52:18.033][info] [#0:script/workspace/loading.lua:100]: Preload file at: file:///usr/share/nvim/runtime/lua/vim/lsp/_changetracking.lua , size = 11.492 KB
[19:52:18.040][info] [#0:script/workspace/loading.lua:112]: ++++As library of:	file:///usr/share/nvim/runtime/lua
[19:52:18.040][info] [#0:script/workspace/loading.lua:100]: Preload file at: file:///usr/share/nvim/runtime/lua/vim/lsp/diagnostic.lua , size = 14.140 KB
[19:52:18.048][info] [#0:script/workspace/loading.lua:112]: ++++As library of:	file:///usr/share/nvim/runtime/lua
[19:52:18.048][info] [#0:script/workspace/loading.lua:100]: Preload file at: file:///usr/share/nvim/runtime/lua/vim/lsp/log.lua , size = 4.673 KB
[19:52:18.051][info] [#0:script/workspace/loading.lua:112]: ++++As library of:	file:///usr/share/nvim/runtime/lua
[19:52:18.051][info] [#0:script/workspace/loading.lua:100]: Preload file at: file:///usr/share/nvim/runtime/lua/vim/lsp/sync.lua , size = 16.226 KB
[19:52:18.058][info] [#0:script/workspace/loading.lua:112]: ++++As library of:	file:///usr/share/nvim/runtime/lua
[19:52:18.058][info] [#0:script/workspace/loading.lua:100]: Preload file at: file:///usr/share/nvim/runtime/lua/vim/lsp/handlers.lua , size = 26.904 KB
[19:52:18.072][info] [#0:script/workspace/loading.lua:112]: ++++As library of:	file:///usr/share/nvim/runtime/lua
[19:52:18.072][info] [#0:script/workspace/loading.lua:100]: Preload file at: file:///usr/share/nvim/runtime/lua/vim/lsp/buf.lua , size = 31.091 KB
[19:52:18.088][info] [#0:script/workspace/loading.lua:112]: ++++As library of:	file:///usr/share/nvim/runtime/lua
[19:52:18.088][info] [#0:script/workspace/loading.lua:100]: Preload file at: file:///usr/share/nvim/runtime/lua/vim/lsp/_completion.lua , size = 8.965 KB
[19:52:18.093][info] [#0:script/workspace/loading.lua:112]: ++++As library of:	file:///usr/share/nvim/runtime/lua
[19:52:18.093][info] [#0:script/workspace/loading.lua:100]: Preload file at: file:///usr/share/nvim/runtime/lua/vim/lsp/protocol.lua , size = 48.973 KB
[19:52:18.103][info] [#0:script/workspace/loading.lua:112]: ++++As library of:	file:///usr/share/nvim/runtime/lua
[19:52:18.103][info] [#0:script/workspace/loading.lua:100]: Preload file at: file:///usr/share/nvim/runtime/lua/vim/lsp/_watchfiles.lua , size = 6.889 KB
[19:52:18.107][info] [#0:script/workspace/loading.lua:112]: ++++As library of:	file:///usr/share/nvim/runtime/lua
[19:52:18.107][info] [#0:script/workspace/loading.lua:100]: Preload file at: file:///usr/share/nvim/runtime/lua/vim/lsp/codelens.lua , size = 9.336 KB
[19:52:18.114][info] [#0:script/workspace/loading.lua:112]: ++++As library of:	file:///usr/share/nvim/runtime/lua
[19:52:18.114][info] [#0:script/workspace/loading.lua:100]: Preload file at: file:///usr/share/nvim/runtime/lua/vim/lsp/inlay_hint.lua , size = 12.172 KB
[19:52:18.121][info] [#0:script/workspace/loading.lua:112]: ++++As library of:	file:///usr/share/nvim/runtime/lua
[19:52:18.121][info] [#0:script/workspace/loading.lua:100]: Preload file at: file:///usr/share/nvim/runtime/lua/vim/lsp/_meta.lua , size = 0.440 KB
[19:52:18.122][info] [#0:script/workspace/loading.lua:112]: ++++As library of:	file:///usr/share/nvim/runtime/lua
[19:52:18.122][info] [#0:script/workspace/loading.lua:100]: Preload file at: file:///usr/share/nvim/runtime/lua/vim/lsp/semantic_tokens.lua , size = 26.267 KB
[19:52:18.135][info] [#0:script/workspace/loading.lua:112]: ++++As library of:	file:///usr/share/nvim/runtime/lua
[19:52:18.135][info] [#0:script/workspace/loading.lua:100]: Preload file at: file:///usr/share/nvim/runtime/lua/vim/lsp/util.lua , size = 77.311 KB
[19:52:18.222][info] [#0:script/workspace/loading.lua:112]: ++++As library of:	file:///usr/share/nvim/runtime/lua
[19:52:18.224][info] [#0:script/workspace/loading.lua:100]: Preload file at: file:///usr/share/nvim/runtime/lua/vim/shared.lua , size = 29.331 KB
[19:52:18.244][info] [#0:script/workspace/loading.lua:112]: ++++As library of:	file:///usr/share/nvim/runtime/lua
[19:52:18.244][info] [#0:script/workspace/loading.lua:100]: Preload file at: file:///usr/share/nvim/runtime/lua/vim/lsp/client.lua , size = 38.013 KB
[19:52:18.262][info] [#0:script/workspace/loading.lua:112]: ++++As library of:	file:///usr/share/nvim/runtime/lua
[19:52:18.262][info] [#0:script/workspace/loading.lua:100]: Preload file at: file:///usr/share/nvim/runtime/lua/vim/health.lua , size = 12.685 KB
[19:52:18.269][info] [#0:script/workspace/loading.lua:112]: ++++As library of:	file:///usr/share/nvim/runtime/lua
[19:52:18.270][info] [#0:script/workspace/loading.lua:100]: Preload file at: file:///usr/share/nvim/runtime/lua/vim/snippet.lua , size = 20.081 KB
[19:52:18.280][info] [#0:script/workspace/loading.lua:112]: ++++As library of:	file:///usr/share/nvim/runtime/lua
[19:52:18.280][info] [#0:script/workspace/loading.lua:100]: Preload file at: file:///usr/share/nvim/runtime/lua/vim/treesitter.lua , size = 14.036 KB
[19:52:18.287][info] [#0:script/workspace/loading.lua:112]: ++++As library of:	file:///usr/share/nvim/runtime/lua
[19:52:18.287][info] [#0:script/workspace/loading.lua:100]: Preload file at: file:///usr/share/nvim/runtime/lua/vim/_meta/regex.lua , size = 1.347 KB
[19:52:18.288][info] [#0:script/workspace/loading.lua:112]: ++++As library of:	file:///usr/share/nvim/runtime/lua
[19:52:18.288][info] [#0:script/workspace/loading.lua:100]: Preload file at: file:///usr/share/nvim/runtime/lua/vim/_meta/api_keysets_extra.lua , size = 4.535 KB
[19:52:18.291][info] [#0:script/workspace/loading.lua:112]: ++++As library of:	file:///usr/share/nvim/runtime/lua
[19:52:18.291][info] [#0:script/workspace/loading.lua:100]: Preload file at: file:///usr/share/nvim/runtime/lua/vim/_meta/builtin_types.lua , size = 3.362 KB
[19:52:18.294][info] [#0:script/workspace/loading.lua:112]: ++++As library of:	file:///usr/share/nvim/runtime/lua
[19:52:18.294][info] [#0:script/workspace/loading.lua:100]: Preload file at: file:///usr/share/nvim/runtime/lua/vim/_meta/api.lua , size = 97.323 KB
[19:52:18.327][info] [#0:script/workspace/loading.lua:112]: ++++As library of:	file:///usr/share/nvim/runtime/lua
[19:52:18.327][info] [#0:script/workspace/loading.lua:100]: Preload file at: file:///usr/share/nvim/runtime/lua/vim/_meta/mpack.lua , size = 0.478 KB
[19:52:18.328][info] [#0:script/workspace/loading.lua:112]: ++++As library of:	file:///usr/share/nvim/runtime/lua
[19:52:18.328][info] [#0:script/workspace/loading.lua:100]: Preload file at: file:///usr/share/nvim/runtime/lua/vim/_meta/spell.lua , size = 0.943 KB
[19:52:18.329][info] [#0:script/workspace/loading.lua:112]: ++++As library of:	file:///usr/share/nvim/runtime/lua
[19:52:18.329][info] [#0:script/workspace/loading.lua:100]: Preload file at: file:///usr/share/nvim/runtime/lua/vim/_meta/vvars.lua , size = 25.272 KB
[19:52:18.337][info] [#0:script/workspace/loading.lua:112]: ++++As library of:	file:///usr/share/nvim/runtime/lua
[19:52:18.337][info] [#0:script/workspace/loading.lua:100]: Preload file at: file:///usr/share/nvim/runtime/lua/vim/_meta/re.lua , size = 2.217 KB
[19:52:18.338][info] [#0:script/workspace/loading.lua:112]: ++++As library of:	file:///usr/share/nvim/runtime/lua
[19:52:18.338][info] [#0:script/workspace/loading.lua:100]: Preload file at: file:///usr/share/nvim/runtime/lua/vim/_meta/diff.lua , size = 2.492 KB
[19:52:18.340][info] [#0:script/workspace/loading.lua:112]: ++++As library of:	file:///usr/share/nvim/runtime/lua
[19:52:18.340][info] [#0:script/workspace/loading.lua:100]: Preload file at: file:///usr/share/nvim/runtime/lua/vim/_meta/builtin.lua , size = 11.183 KB
[19:52:18.343][info] [#0:script/workspace/loading.lua:112]: ++++As library of:	file:///usr/share/nvim/runtime/lua
[19:52:18.344][info] [#0:script/workspace/loading.lua:100]: Preload file at: file:///usr/share/nvim/runtime/lua/vim/_meta/options.lua , size = 323.972 KB
[19:52:18.514][info] [#0:script/workspace/loading.lua:112]: ++++As library of:	file:///usr/share/nvim/runtime/lua
[19:52:18.514][info] [#0:script/workspace/loading.lua:100]: Preload file at: file:///usr/share/nvim/runtime/lua/vim/_meta/lpeg.lua , size = 15.348 KB
[19:52:18.519][info] [#0:script/workspace/loading.lua:112]: ++++As library of:	file:///usr/share/nvim/runtime/lua
[19:52:18.519][info] [#0:script/workspace/loading.lua:100]: Preload file at: file:///usr/share/nvim/runtime/lua/vim/_meta/json.lua , size = 1.359 KB
[19:52:18.520][info] [#0:script/workspace/loading.lua:112]: ++++As library of:	file:///usr/share/nvim/runtime/lua
[19:52:18.520][info] [#0:script/workspace/loading.lua:100]: Preload file at: file:///usr/share/nvim/runtime/lua/vim/_meta/misc.lua , size = 0.291 KB
[19:52:18.521][info] [#0:script/workspace/loading.lua:112]: ++++As library of:	file:///usr/share/nvim/runtime/lua
[19:52:18.521][info] [#0:script/workspace/loading.lua:100]: Preload file at: file:///usr/share/nvim/runtime/lua/vim/_meta/api_keysets.lua , size = 8.292 KB
[19:52:18.526][info] [#0:script/workspace/loading.lua:112]: ++++As library of:	file:///usr/share/nvim/runtime/lua
[19:52:18.527][info] [#0:script/workspace/loading.lua:100]: Preload file at: file:///usr/share/nvim/runtime/lua/vim/_meta/base64.lua , size = 0.307 KB
[19:52:18.527][info] [#0:script/workspace/loading.lua:112]: ++++As library of:	file:///usr/share/nvim/runtime/lua
[19:52:18.527][info] [#0:script/workspace/loading.lua:100]: Preload file at: file:///usr/share/nvim/runtime/lua/vim/_meta/vimfn.lua , size = 398.838 KB
[19:52:18.654][info] [#0:script/workspace/loading.lua:112]: ++++As library of:	file:///usr/share/nvim/runtime/lua
[19:52:18.658][info] [#0:script/workspace/loading.lua:100]: Preload file at: file:///usr/share/nvim/runtime/lua/vim/iter.lua , size = 25.504 KB
[19:52:18.675][info] [#0:script/workspace/loading.lua:112]: ++++As library of:	file:///usr/share/nvim/runtime/lua
[19:52:18.676][info] [#0:script/workspace/loading.lua:100]: Preload file at: file:///usr/share/nvim/runtime/lua/vim/vimhelp.lua , size = 0.967 KB
[19:52:18.677][info] [#0:script/workspace/loading.lua:112]: ++++As library of:	file:///usr/share/nvim/runtime/lua
[19:52:18.678][info] [#0:script/workspace/loading.lua:100]: Preload file at: file:///usr/share/nvim/runtime/lua/vim/provider.lua , size = 0.197 KB
[19:52:18.678][info] [#0:script/workspace/loading.lua:112]: ++++As library of:	file:///usr/share/nvim/runtime/lua
[19:52:18.678][info] [#0:script/workspace/loading.lua:100]: Preload file at: file:///usr/share/nvim/runtime/lua/vim/_editor.lua , size = 34.475 KB
[19:52:18.697][info] [#0:script/workspace/loading.lua:112]: ++++As library of:	file:///usr/share/nvim/runtime/lua
[19:52:18.697][info] [#0:script/workspace/loading.lua:100]: Preload file at: file:///usr/share/nvim/runtime/lua/vim/func.lua , size = 1.753 KB
[19:52:18.698][info] [#0:script/workspace/loading.lua:112]: ++++As library of:	file:///usr/share/nvim/runtime/lua
[19:52:18.698][info] [#0:script/workspace/loading.lua:100]: Preload file at: file:///usr/share/nvim/runtime/lua/vim/treesitter/health.lua , size = 0.856 KB
[19:52:18.698][info] [#0:script/workspace/loading.lua:112]: ++++As library of:	file:///usr/share/nvim/runtime/lua
[19:52:18.699][info] [#0:script/workspace/loading.lua:100]: Preload file at: file:///usr/share/nvim/runtime/lua/vim/treesitter/dev.lua , size = 19.644 KB
[19:52:18.712][info] [#0:script/workspace/loading.lua:112]: ++++As library of:	file:///usr/share/nvim/runtime/lua
[19:52:18.712][info] [#0:script/workspace/loading.lua:100]: Preload file at: file:///usr/share/nvim/runtime/lua/vim/treesitter/_range.lua , size = 3.869 KB
[19:52:18.715][info] [#0:script/workspace/loading.lua:112]: ++++As library of:	file:///usr/share/nvim/runtime/lua
[19:52:18.716][info] [#0:script/workspace/loading.lua:100]: Preload file at: file:///usr/share/nvim/runtime/lua/vim/treesitter/_fold.lua , size = 14.745 KB
[19:52:18.723][info] [#0:script/workspace/loading.lua:112]: ++++As library of:	file:///usr/share/nvim/runtime/lua
[19:52:18.724][info] [#0:script/workspace/loading.lua:100]: Preload file at: file:///usr/share/nvim/runtime/lua/vim/treesitter/language.lua , size = 3.684 KB
[19:52:18.726][info] [#0:script/workspace/loading.lua:112]: ++++As library of:	file:///usr/share/nvim/runtime/lua
[19:52:18.726][info] [#0:script/workspace/loading.lua:100]: Preload file at: file:///usr/share/nvim/runtime/lua/vim/treesitter/_query_linter.lua , size = 7.627 KB
[19:52:18.732][info] [#0:script/workspace/loading.lua:112]: ++++As library of:	file:///usr/share/nvim/runtime/lua
[19:52:18.732][info] [#0:script/workspace/loading.lua:100]: Preload file at: file:///usr/share/nvim/runtime/lua/vim/treesitter/highlighter.lua , size = 11.811 KB
[19:52:18.739][info] [#0:script/workspace/loading.lua:112]: ++++As library of:	file:///usr/share/nvim/runtime/lua
[19:52:18.739][info] [#0:script/workspace/loading.lua:100]: Preload file at: file:///usr/share/nvim/runtime/lua/vim/treesitter/_meta.lua , size = 4.483 KB
[19:52:18.743][info] [#0:script/workspace/loading.lua:112]: ++++As library of:	file:///usr/share/nvim/runtime/lua
[19:52:18.743][info] [#0:script/workspace/loading.lua:100]: Preload file at: file:///usr/share/nvim/runtime/lua/vim/treesitter/query.lua , size = 32.301 KB
[19:52:18.760][info] [#0:script/workspace/loading.lua:112]: ++++As library of:	file:///usr/share/nvim/runtime/lua
[19:52:18.761][info] [#0:script/workspace/loading.lua:100]: Preload file at: file:///usr/share/nvim/runtime/lua/vim/treesitter/languagetree.lua , size = 33.292 KB
[19:52:18.780][info] [#0:script/workspace/loading.lua:112]: ++++As library of:	file:///usr/share/nvim/runtime/lua
[19:52:18.781][info] [#0:script/workspace/loading.lua:100]: Preload file at: file:///usr/share/nvim/runtime/lua/vim/_defaults.lua , size = 18.717 KB
[19:52:18.790][info] [#0:script/workspace/loading.lua:112]: ++++As library of:	file:///usr/share/nvim/runtime/lua
[19:52:18.791][info] [#0:script/workspace/loading.lua:100]: Preload file at: file:///usr/share/nvim/runtime/lua/vim/_options.lua , size = 25.441 KB
[19:52:18.802][info] [#0:script/workspace/loading.lua:112]: ++++As library of:	file:///usr/share/nvim/runtime/lua
[19:52:18.802][info] [#0:script/workspace/loading.lua:100]: Preload file at: file:///usr/share/nvim/runtime/lua/vim/text.lua , size = 0.812 KB
[19:52:18.803][info] [#0:script/workspace/loading.lua:112]: ++++As library of:	file:///usr/share/nvim/runtime/lua
[19:52:18.803][info] [#0:script/workspace/loading.lua:100]: Preload file at: file:///usr/share/nvim/runtime/lua/vim/inspect.lua , size = 8.864 KB
[19:52:18.809][info] [#0:script/workspace/loading.lua:112]: ++++As library of:	file:///usr/share/nvim/runtime/lua
[19:52:18.809][info] [#0:script/workspace/loading.lua:100]: Preload file at: file:///usr/share/nvim/runtime/lua/vim/diagnostic.lua , size = 69.172 KB
[19:52:18.848][info] [#0:script/workspace/loading.lua:112]: ++++As library of:	file:///usr/share/nvim/runtime/lua
[19:52:18.849][info] [#0:script/workspace/loading.lua:100]: Preload file at: file:///usr/share/nvim/runtime/lua/vim/filetype/options.lua , size = 2.559 KB
[19:52:18.851][info] [#0:script/workspace/loading.lua:112]: ++++As library of:	file:///usr/share/nvim/runtime/lua
[19:52:18.852][info] [#0:script/workspace/loading.lua:100]: Preload file at: file:///usr/share/nvim/runtime/lua/vim/_inspector.lua , size = 7.668 KB
[19:52:18.856][info] [#0:script/workspace/loading.lua:112]: ++++As library of:	file:///usr/share/nvim/runtime/lua
[19:52:18.857][info] [#0:script/workspace/loading.lua:100]: Preload file at: file:///usr/share/nvim/runtime/lua/vim/filetype/detect.lua , size = 57.151 KB
[19:52:18.970][warn] [#0:script/files.lua:704]: Compile [file:///usr/share/nvim/runtime/lua/vim/filetype/detect.lua] takes [0.112] sec, size [58.523] kb.
[19:52:18.982][info] [#0:script/workspace/loading.lua:112]: ++++As library of:	file:///usr/share/nvim/runtime/lua
[19:52:18.982][info] [#0:script/workspace/loading.lua:100]: Preload file at: file:///usr/share/nvim/runtime/lua/vim/highlight.lua , size = 4.526 KB
[19:52:18.985][info] [#0:script/workspace/loading.lua:112]: ++++As library of:	file:///usr/share/nvim/runtime/lua
[19:52:18.985][info] [#0:script/workspace/loading.lua:100]: Preload file at: file:///usr/share/nvim/runtime/lua/vim/keymap.lua , size = 3.682 KB
[19:52:18.988][info] [#0:script/workspace/loading.lua:112]: ++++As library of:	file:///usr/share/nvim/runtime/lua
[19:52:18.988][info] [#0:script/workspace/loading.lua:100]: Preload file at: file:///usr/share/nvim/runtime/lua/vim/re.lua , size = 6.495 KB
[19:52:18.993][info] [#0:script/workspace/loading.lua:112]: ++++As library of:	file:///usr/share/nvim/runtime/lua
[19:52:18.993][info] [#0:script/workspace/loading.lua:100]: Preload file at: file:///usr/share/nvim/runtime/lua/vim/_watch.lua , size = 8.901 KB
[19:52:18.999][info] [#0:script/workspace/loading.lua:112]: ++++As library of:	file:///usr/share/nvim/runtime/lua
[19:52:18.999][info] [#0:script/workspace/loading.lua:100]: Preload file at: file:///usr/share/nvim/runtime/lua/vim/lsp.lua , size = 40.430 KB
[19:52:19.019][info] [#0:script/workspace/loading.lua:112]: ++++As library of:	file:///usr/share/nvim/runtime/lua
[19:52:19.019][info] [#0:script/workspace/loading.lua:100]: Preload file at: file:///usr/share/nvim/runtime/lua/vim/fs.lua , size = 18.719 KB
[19:52:19.027][info] [#0:script/workspace/loading.lua:112]: ++++As library of:	file:///usr/share/nvim/runtime/lua
[19:52:19.028][info] [#0:script/workspace/loading.lua:100]: Preload file at: file:///usr/share/nvim/runtime/lua/vim/ui/clipboard/osc52.lua , size = 2.137 KB
[19:52:19.029][info] [#0:script/workspace/loading.lua:112]: ++++As library of:	file:///usr/share/nvim/runtime/lua
[19:52:19.034][info] [#0:script/workspace/loading.lua:100]: Preload file at: file:///usr/share/nvim/runtime/lua/vim/ui.lua , size = 5.396 KB
[19:52:19.036][info] [#0:script/workspace/loading.lua:112]: ++++As library of:	file:///usr/share/nvim/runtime/lua
[19:52:19.036][info] [#0:script/workspace/loading.lua:100]: Preload file at: file:///usr/share/nvim/runtime/lua/vim/filetype.lua , size = 68.524 KB
[19:52:19.066][info] [#0:script/workspace/loading.lua:112]: ++++As library of:	file:///usr/share/nvim/runtime/lua
[19:52:19.066][info] [#0:script/workspace/loading.lua:100]: Preload file at: file:///usr/share/nvim/runtime/lua/vim/termcap.lua , size = 3.103 KB
[19:52:19.068][info] [#0:script/workspace/loading.lua:112]: ++++As library of:	file:///usr/share/nvim/runtime/lua
[19:52:19.068][info] [#0:script/workspace/loading.lua:100]: Preload file at: file:///usr/share/nvim/runtime/lua/vim/loader.lua , size = 15.741 KB
[19:52:19.078][info] [#0:script/workspace/loading.lua:112]: ++++As library of:	file:///usr/share/nvim/runtime/lua
[19:52:19.078][info] [#0:script/workspace/loading.lua:100]: Preload file at: file:///usr/share/nvim/runtime/lua/vim/version.lua , size = 13.605 KB
[19:52:19.085][info] [#0:script/workspace/loading.lua:112]: ++++As library of:	file:///usr/share/nvim/runtime/lua
[19:52:19.085][info] [#0:script/workspace/loading.lua:100]: Preload file at: file:///usr/share/nvim/runtime/lua/vim/secure.lua , size = 5.018 KB
[19:52:19.088][info] [#0:script/workspace/loading.lua:112]: ++++As library of:	file:///usr/share/nvim/runtime/lua
[19:52:19.088][info] [#0:script/workspace/loading.lua:100]: Preload file at: file:///usr/share/nvim/runtime/lua/vim/F.lua , size = 1.076 KB
[19:52:19.089][info] [#0:script/workspace/loading.lua:112]: ++++As library of:	file:///usr/share/nvim/runtime/lua
[19:52:19.089][info] [#0:script/workspace/loading.lua:100]: Preload file at: file:///usr/share/nvim/runtime/lua/vim/_init_packages.lua , size = 3.023 KB
[19:52:19.091][info] [#0:script/workspace/loading.lua:112]: ++++As library of:	file:///usr/share/nvim/runtime/lua
[19:52:19.091][info] [#0:script/workspace/loading.lua:100]: Preload file at: file:///usr/share/nvim/runtime/lua/vim/provider/perl.lua , size = 1.998 KB
[19:52:19.092][info] [#0:script/workspace/loading.lua:112]: ++++As library of:	file:///usr/share/nvim/runtime/lua
[19:52:19.092][info] [#0:script/workspace/loading.lua:100]: Preload file at: file:///usr/share/nvim/runtime/lua/vim/provider/python.lua , size = 4.224 KB
[19:52:19.095][info] [#0:script/workspace/loading.lua:112]: ++++As library of:	file:///usr/share/nvim/runtime/lua
[19:52:19.095][info] [#0:script/workspace/loading.lua:100]: Preload file at: file:///usr/share/nvim/runtime/lua/vim/provider/ruby.lua , size = 1.563 KB
[19:52:19.096][info] [#0:script/workspace/loading.lua:112]: ++++As library of:	file:///usr/share/nvim/runtime/lua
[19:52:19.096][info] [#0:script/workspace/loading.lua:100]: Preload file at: file:///usr/share/nvim/runtime/lua/vim/_meta.lua , size = 0.977 KB
[19:52:19.097][info] [#0:script/workspace/loading.lua:112]: ++++As library of:	file:///usr/share/nvim/runtime/lua
[19:52:19.097][info] [#0:script/workspace/loading.lua:100]: Preload file at: file:///usr/share/nvim/runtime/lua/vim/uri.lua , size = 3.571 KB
[19:52:19.099][info] [#0:script/workspace/loading.lua:112]: ++++As library of:	file:///usr/share/nvim/runtime/lua
[19:52:19.099][info] [#0:script/workspace/loading.lua:100]: Preload file at: file:///usr/share/nvim/runtime/lua/vim/_comment.lua , size = 8.743 KB
[19:52:19.104][info] [#0:script/workspace/loading.lua:112]: ++++As library of:	file:///usr/share/nvim/runtime/lua
[19:52:19.104][info] [#0:script/workspace/loading.lua:100]: Preload file at: file:///usr/share/nvim/runtime/lua/vim/glob.lua , size = 3.001 KB
[19:52:19.106][info] [#0:script/workspace/loading.lua:112]: ++++As library of:	file:///usr/share/nvim/runtime/lua
[19:52:19.106][info] [#0:script/workspace/loading.lua:100]: Preload file at: file:///usr/share/nvim/runtime/lua/vim/_system.lua , size = 9.216 KB
[19:52:19.112][info] [#0:script/workspace/loading.lua:112]: ++++As library of:	file:///usr/share/nvim/runtime/lua
[19:52:19.113][info] [#0:script/workspace/loading.lua:100]: Preload file at: file:///usr/share/nvim/runtime/lua/vim/func/_memoize.lua , size = 1.354 KB
[19:52:19.114][info] [#0:script/workspace/loading.lua:112]: ++++As library of:	file:///usr/share/nvim/runtime/lua
[19:52:19.114][info] [#0:script/workspace/loading.lua:100]: Preload file at: file:///usr/share/nvim/runtime/lua/provider/clipboard/health.lua , size = 1.151 KB
[19:52:19.115][info] [#0:script/workspace/loading.lua:112]: ++++As library of:	file:///usr/share/nvim/runtime/lua
[19:52:19.115][info] [#0:script/workspace/loading.lua:100]: Preload file at: file:///usr/share/nvim/runtime/lua/provider/python/health.lua , size = 16.369 KB
[19:52:19.122][info] [#0:script/workspace/loading.lua:112]: ++++As library of:	file:///usr/share/nvim/runtime/lua
[19:52:19.122][info] [#0:script/workspace/loading.lua:100]: Preload file at: file:///usr/share/nvim/runtime/lua/provider/ruby/health.lua , size = 2.211 KB
[19:52:19.123][info] [#0:script/workspace/loading.lua:112]: ++++As library of:	file:///usr/share/nvim/runtime/lua
[19:52:19.123][info] [#0:script/workspace/loading.lua:100]: Preload file at: file:///usr/share/nvim/runtime/lua/provider/perl/health.lua , size = 2.752 KB
[19:52:19.125][info] [#0:script/workspace/loading.lua:112]: ++++As library of:	file:///usr/share/nvim/runtime/lua
[19:52:19.125][info] [#0:script/workspace/loading.lua:100]: Preload file at: file:///usr/share/nvim/runtime/lua/provider/node/health.lua , size = 3.375 KB
[19:52:19.126][info] [#0:script/workspace/loading.lua:112]: ++++As library of:	file:///usr/share/nvim/runtime/lua
[19:52:19.126][info] [#0:script/workspace/loading.lua:100]: Preload file at: file:///usr/share/nvim/runtime/lua/editorconfig.lua , size = 10.443 KB
[19:52:19.131][info] [#0:script/workspace/loading.lua:112]: ++++As library of:	file:///usr/share/nvim/runtime/lua
[19:52:19.131][info] [#0:script/workspace/loading.lua:100]: Preload file at: file:///usr/share/nvim/runtime/lua/tohtml.lua , size = 42.432 KB
[19:52:19.157][info] [#0:script/workspace/loading.lua:112]: ++++As library of:	file:///usr/share/nvim/runtime/lua
[19:52:19.157][info] [#0:script/workspace/loading.lua:100]: Preload file at: file:///usr/share/nvim/runtime/lua/coxpcall.lua , size = 3.451 KB
[19:52:19.159][info] [#0:script/workspace/loading.lua:112]: ++++As library of:	file:///usr/share/nvim/runtime/lua
[19:52:19.159][info] [#0:script/workspace/loading.lua:100]: Preload file at: file:///home/yusqohid/.local/share/nvim/mason/packages/lua-language-server/libexec/meta/LuaJIT%20en-us%20utf8/table.lua , size = 4.445 KB
[19:52:19.163][info] [#0:script/workspace/loading.lua:112]: ++++As library of:	file:///home/yusqohid/.local/share/nvim/mason/packages/lua-language-server/libexec/meta/LuaJIT%20en-us%20utf8/table.lua
[19:52:19.163][info] [#0:script/workspace/loading.lua:100]: Preload file at: file:///home/yusqohid/.local/share/nvim/mason/packages/lua-language-server/libexec/meta/LuaJIT%20en-us%20utf8/string/buffer.lua , size = 18.123 KB
[19:52:19.167][info] [#0:script/workspace/loading.lua:112]: ++++As library of:	file:///home/yusqohid/.local/share/nvim/mason/packages/lua-language-server/libexec/meta/LuaJIT%20en-us%20utf8/string/buffer.lua
[19:52:19.167][info] [#0:script/workspace/loading.lua:100]: Preload file at: file:///home/yusqohid/.local/share/nvim/mason/packages/lua-language-server/libexec/meta/LuaJIT%20en-us%20utf8/debug.lua , size = 7.310 KB
[19:52:19.172][info] [#0:script/workspace/loading.lua:112]: ++++As library of:	file:///home/yusqohid/.local/share/nvim/mason/packages/lua-language-server/libexec/meta/LuaJIT%20en-us%20utf8/debug.lua
[19:52:19.172][info] [#0:script/workspace/loading.lua:100]: Preload file at: file:///home/yusqohid/.local/share/nvim/mason/packages/lua-language-server/libexec/meta/LuaJIT%20en-us%20utf8/table/new.lua , size = 0.642 KB
[19:52:19.172][info] [#0:script/workspace/loading.lua:112]: ++++As library of:	file:///home/yusqohid/.local/share/nvim/mason/packages/lua-language-server/libexec/meta/LuaJIT%20en-us%20utf8/table/new.lua
[19:52:19.172][info] [#0:script/workspace/loading.lua:100]: Preload file at: file:///home/yusqohid/.local/share/nvim/mason/packages/lua-language-server/libexec/meta/LuaJIT%20en-us%20utf8/jit.lua , size = 0.884 KB
[19:52:19.174][info] [#0:script/workspace/loading.lua:112]: ++++As library of:	file:///home/yusqohid/.local/share/nvim/mason/packages/lua-language-server/libexec/meta/LuaJIT%20en-us%20utf8/jit.lua
[19:52:19.174][info] [#0:script/workspace/loading.lua:100]: Preload file at: file:///home/yusqohid/.local/share/nvim/mason/packages/lua-language-server/libexec/meta/LuaJIT%20en-us%20utf8/coroutine.lua , size = 2.541 KB
[19:52:19.175][info] [#0:script/workspace/loading.lua:112]: ++++As library of:	file:///home/yusqohid/.local/share/nvim/mason/packages/lua-language-server/libexec/meta/LuaJIT%20en-us%20utf8/coroutine.lua
[19:52:19.175][info] [#0:script/workspace/loading.lua:100]: Preload file at: file:///home/yusqohid/.local/share/nvim/mason/packages/lua-language-server/libexec/meta/LuaJIT%20en-us%20utf8/string.lua , size = 6.310 KB
[19:52:19.179][info] [#0:script/workspace/loading.lua:112]: ++++As library of:	file:///home/yusqohid/.local/share/nvim/mason/packages/lua-language-server/libexec/meta/LuaJIT%20en-us%20utf8/string.lua
[19:52:19.179][info] [#0:script/workspace/loading.lua:100]: Preload file at: file:///home/yusqohid/.local/share/nvim/mason/packages/lua-language-server/libexec/meta/LuaJIT%20en-us%20utf8/math.lua , size = 7.949 KB
[19:52:19.184][info] [#0:script/workspace/loading.lua:112]: ++++As library of:	file:///home/yusqohid/.local/share/nvim/mason/packages/lua-language-server/libexec/meta/LuaJIT%20en-us%20utf8/math.lua
[19:52:19.184][info] [#0:script/workspace/loading.lua:100]: Preload file at: file:///home/yusqohid/.local/share/nvim/mason/packages/lua-language-server/libexec/meta/LuaJIT%20en-us%20utf8/bit.lua , size = 1.319 KB
[19:52:19.185][info] [#0:script/workspace/loading.lua:112]: ++++As library of:	file:///home/yusqohid/.local/share/nvim/mason/packages/lua-language-server/libexec/meta/LuaJIT%20en-us%20utf8/bit.lua
[19:52:19.185][info] [#0:script/workspace/loading.lua:100]: Preload file at: file:///home/yusqohid/.local/share/nvim/mason/packages/lua-language-server/libexec/meta/LuaJIT%20en-us%20utf8/ffi.lua , size = 2.529 KB
[19:52:19.188][info] [#0:script/workspace/loading.lua:112]: ++++As library of:	file:///home/yusqohid/.local/share/nvim/mason/packages/lua-language-server/libexec/meta/LuaJIT%20en-us%20utf8/ffi.lua
[19:52:19.189][info] [#0:script/workspace/loading.lua:88]: Skip loaded file: file:///home/yusqohid/dotfiles/.config/nvim/init.lua
[19:52:19.292][info] [#0:script/workspace/loading.lua:100]: Preload file at: file:///home/yusqohid/dotfiles/.config/nvim/lua/plugins/init.lua , size = 0.291 KB
[19:52:19.293][info] [#0:script/workspace/loading.lua:112]: ++++As library of:	file:///home/yusqohid/dotfiles/.config/nvim/lua
[19:52:19.293][info] [#0:script/workspace/loading.lua:100]: Preload file at: file:///home/yusqohid/dotfiles/.config/nvim/lua/plugins.lua , size = 1.587 KB
[19:52:19.294][info] [#0:script/workspace/loading.lua:112]: ++++As library of:	file:///home/yusqohid/dotfiles/.config/nvim/lua
[19:52:19.294][info] [#0:script/workspace/loading.lua:100]: Preload file at: file:///home/yusqohid/.local/share/nvim/mason/packages/lua-language-server/libexec/meta/LuaJIT%20en-us%20utf8/jit/profile.lua , size = 0.348 KB
[19:52:19.294][info] [#0:script/workspace/loading.lua:112]: ++++As library of:	file:///home/yusqohid/.local/share/nvim/mason/packages/lua-language-server/libexec/meta/LuaJIT%20en-us%20utf8/jit/profile.lua
[19:52:19.294][info] [#0:script/workspace/loading.lua:100]: Preload file at: file:///home/yusqohid/.local/share/nvim/mason/packages/lua-language-server/libexec/meta/LuaJIT%20en-us%20utf8/os.lua , size = 5.600 KB
[19:52:19.297][info] [#0:script/workspace/loading.lua:112]: ++++As library of:	file:///home/yusqohid/.local/share/nvim/mason/packages/lua-language-server/libexec/meta/LuaJIT%20en-us%20utf8/os.lua
[19:52:19.398][info] [#0:script/workspace/loading.lua:172]: Loaded files takes [1.608] sec: file:///home/yusqohid/dotfiles/.config/nvim
[19:52:19.398][info] [#0:script/workspace/loading.lua:181]: Compile files takes [0.000] sec: file:///home/yusqohid/dotfiles/.config/nvim
[19:52:19.398][info] [#0:script/workspace/loading.lua:182]: Loaded finish:	file:///home/yusqohid/dotfiles/.config/nvim
[19:52:19.398][info] [#0:script/workspace/workspace.lua:381]: Preload finish at:	file:///home/yusqohid/dotfiles/.config/nvim
[19:52:19.421][warn] [#0:script/proto/proto.lua:189]: Method [textDocument/didOpen] takes [1.737]sec. {
  jsonrpc = "2.0",
  method = "textDocument/didOpen",
  params = {
    textDocument = {
      languageId = "lua",
      text = '"***"',
      uri = "file:///home/yusqohid/dotfiles/.config/nvim/init.lua",
      version = 0
    }
  }
}
[19:52:19.464][info] [#0:script/provider/diagnostic.lua:560]: Diagnostics scope [file:///home/yusqohid/dotfiles/.config/nvim], files count:[175]
[19:52:19.467][warn] [#0:script/proto/proto.lua:189]: Method [textDocument/semanticTokens/full] takes [1.742]sec. {
  id = 16,
  jsonrpc = "2.0",
  method = "textDocument/semanticTokens/full",
  params = {
    textDocument = {
      uri = "file:///home/yusqohid/dotfiles/.config/nvim/init.lua"
    }
  }
}
[19:52:19.471][warn] [#0:script/proto/proto.lua:189]: Method [textDocument/inlayHint] takes [1.756]sec. {
  id = 7,
  jsonrpc = "2.0",
  method = "textDocument/inlayHint",
  params = {
    range = {
      end = {
        character = 0,
        line = 11
      },
      start = {
        character = 0,
        line = 0
      }
    },
    textDocument = {
      uri = "file:///home/yusqohid/dotfiles/.config/nvim/init.lua"
    }
  }
}
[19:52:19.471][warn] [#0:script/proto/proto.lua:189]: Method [textDocument/inlayHint] takes [1.756]sec. {
  id = 9,
  jsonrpc = "2.0",
  method = "textDocument/inlayHint",
  params = {
    range = {
      end = {
        character = 0,
        line = 11
      },
      start = {
        character = 0,
        line = 0
      }
    },
    textDocument = {
      uri = "file:///home/yusqohid/dotfiles/.config/nvim/init.lua"
    }
  }
}
[19:52:19.471][warn] [#0:script/proto/proto.lua:189]: Method [textDocument/inlayHint] takes [1.756]sec. {
  id = 11,
  jsonrpc = "2.0",
  method = "textDocument/inlayHint",
  params = {
    range = {
      end = {
        character = 0,
        line = 11
      },
      start = {
        character = 0,
        line = 0
      }
    },
    textDocument = {
      uri = "file:///home/yusqohid/dotfiles/.config/nvim/init.lua"
    }
  }
}
[19:52:19.472][warn] [#0:script/proto/proto.lua:189]: Method [textDocument/inlayHint] takes [1.756]sec. {
  id = 13,
  jsonrpc = "2.0",
  method = "textDocument/inlayHint",
  params = {
    range = {
      end = {
        character = 0,
        line = 11
      },
      start = {
        character = 0,
        line = 0
      }
    },
    textDocument = {
      uri = "file:///home/yusqohid/dotfiles/.config/nvim/init.lua"
    }
  }
}
[19:52:19.472][warn] [#0:script/proto/proto.lua:189]: Method [textDocument/inlayHint] takes [1.744]sec. {
  id = 15,
  jsonrpc = "2.0",
  method = "textDocument/inlayHint",
  params = {
    range = {
      end = {
        character = 0,
        line = 11
      },
      start = {
        character = 0,
        line = 0
      }
    },
    textDocument = {
      uri = "file:///home/yusqohid/dotfiles/.config/nvim/init.lua"
    }
  }
}
[19:52:19.472][warn] [#0:script/proto/proto.lua:189]: Method [textDocument/inlayHint] takes [1.744]sec. {
  id = 17,
  jsonrpc = "2.0",
  method = "textDocument/inlayHint",
  params = {
    range = {
      end = {
        character = 0,
        line = 11
      },
      start = {
        character = 0,
        line = 0
      }
    },
    textDocument = {
      uri = "file:///home/yusqohid/dotfiles/.config/nvim/init.lua"
    }
  }
}
[19:52:19.473][warn] [#0:script/proto/proto.lua:189]: Method [textDocument/documentSymbol] takes [1.784]sec. {
  id = 5,
  jsonrpc = "2.0",
  method = "textDocument/documentSymbol",
  params = {
    textDocument = {
      uri = "file:///home/yusqohid/dotfiles/.config/nvim/init.lua"
    }
  }
}
[19:52:19.511][info] [#0:script/provider/diagnostic.lua:577]: Diagnostics scope [file:///home/yusqohid/dotfiles/.config/nvim] finished, takes [0.022] sec.
[19:52:20.746][warn] [#0:script/pub/report.lua:24]: Load proto error:	Disconnected!
